Building DAG of jobs...
Your conda installation is not configured to use strict channel priorities. This is however crucial for having robust and correct environments (for details, see https://conda-forge.org/docs/user/tipsandtricks.html). Please consider to configure strict priorities by executing 'conda config --set channel_priority strict'.
Creating conda environment env/env.yaml...
Downloading and installing remote packages.
Environment for /Users/zabc/Documents/bioinformatics/env/env.yaml created (location: .snakemake/conda/63348352802c7b3b8e5634afb1b79114_)
Using shell: /bin/bash
Provided cores: 1 (use --cores to define parallelism)
Rules claiming more threads will be scaled down.
Job stats:
job               count
--------------  -------
all                   1
tRNAscan_stats        1
total                 2

Select jobs to execute...

[Mon Dec 18 17:09:35 2023]
rule tRNAscan_stats:
    input: resource/G_intestinalis.fasta
    output: output/G_intestinalis.tRNA, output/G_intestinalis.stats
    jobid: 1
    reason: Missing output files: output/G_intestinalis.tRNA
    resources: tmpdir=/var/folders/cw/6wp5ql4j2sgfsxhq_whph75r0000gn/T

/Users/zabc/anaconda3/envs/snakemake/bin/python3.12 /Users/zabc/Documents/bioinformatics/.snakemake/scripts/tmp7p1nv6xi.tRNAscan_stats.py
Activating conda environment: .snakemake/conda/63348352802c7b3b8e5634afb1b79114_
[Mon Dec 18 17:10:11 2023]
Finished job 1.
1 of 2 steps (50%) done
Select jobs to execute...

[Mon Dec 18 17:10:11 2023]
localrule all:
    input: output/G_intestinalis.tRNA
    jobid: 0
    reason: Input files updated by another job: output/G_intestinalis.tRNA
    resources: tmpdir=/var/folders/cw/6wp5ql4j2sgfsxhq_whph75r0000gn/T

[Mon Dec 18 17:10:11 2023]
Finished job 0.
2 of 2 steps (100%) done
Complete log: .snakemake/log/2023-12-18T170806.554313.snakemake.log
